2025-12-15 09:26:26,490 ::: INFO ::: 
===================================== Instantiating learning for numpy 8.3 =====================================

2025-12-15 09:26:26,543 ::: INFO ::: Extracting dataset from server for analysis...
2025-12-15 09:26:26,628 ::: INFO ::: 
======================================== Sample of Pulled Dataset ========================================
             
|       |   index |   server_id |   temperature_c |   fan_speed_rpm |   incident_flag |
|------:|--------:|------------:|----------------:|----------------:|----------------:|
|  1958 |    1958 |        1002 |         63.4375 |            4488 |               0 |
| 10993 |   10993 |        1008 |         50.7188 |            3228 |               0 |
|  3946 |    3946 |        1006 |         70.125  |            5568 |               0 |
|   533 |     533 |        1048 |         46.8125 |            4173 |               0 |
|   831 |     831 |        1026 |         69.4375 |            3856 |               0 |
|   760 |     760 |        1002 |         76.6875 |            4748 |               0 |

2025-12-15 09:26:26,628 ::: DEBUG ::: Data loaded into NumPy arrays.Shape: (11375,)
2025-12-15 09:26:26,629 ::: DEBUG ::: Original GPU Temps (First 5): [64.6875  63.21875 76.1875  72.      63.53125]
2025-12-15 09:26:26,629 ::: WARNING ::: Created a copy of overheating servers. Count of 751 is disturbing
2025-12-15 09:26:26,629 ::: INFO ::: Before hack: 83.625
2025-12-15 09:26:26,629 ::: INFO ::: After hack: -0.2332
2025-12-15 09:26:26,629 ::: INFO ::: ------- Analysis of original array (Max: 100.6875) -------
2025-12-15 09:26:26,629 ::: INFO ::: Original is untouched. The copy alone was modified
2025-12-15 09:26:26,629 ::: INFO ::: Original GPU temp Array ID: 126868323161584
Copy GPU temp Array ID: 126868323161488
Copy GPU temp Array ID (2): 126868323163888

2025-12-15 09:26:26,629 ::: CRITICAL ::: Overheating fans above maximum treshold! Count: 751
2025-12-15 09:26:26,630 ::: ERROR ::: Could not change all values in speed_of_fan array to 6000. Detached copy was modified instead. Count of values at 6000: 0
2025-12-15 09:26:26,630 ::: WARNING ::: Attempting direct slice assignment...
2025-12-15 09:26:26,630 ::: INFO ::: Result: SUCCESS
First 12 values: [999 999 999 999 999 999 999 999 999 999 999 999]

2025-12-15 09:26:26,641 ::: INFO ::: 
======================================== Memory Management ========================================
             
Large Array Size: 76.29 MB

2025-12-15 09:26:26,660 ::: WARNING ::: Naive Op: Created a new array in memory (Address changed). Array Size: 76.29 MB
2025-12-15 09:26:26,670 ::: INFO ::: Optimal Op: Modified data in-place (Address kept). Saved RAM. Array Size: 76.29 MB
2025-12-15 12:58:04,454 ::: INFO ::: ===================================== Instantiating learning for numpy 9.1 =====================================
2025-12-15 12:58:04,549 ::: INFO ::: 10000 entries successfully extracted from the 'cluster_gpu_logs' table in the PostgreSQL server!
2025-12-15 12:58:04,549 ::: INFO ::: Verification: All three NumPy methods yield the same result.
2025-12-15 12:58:04,568 ::: INFO ::: Slow Method Time: 0.018547534942626953
Fast Method Time: 8.320808410644531e-05
Vectorization is much faster than manual python looping!
